<?xml version="1.0" encoding="UTF-8"?>
<!-- Generated by org.testng.reporters.JUnitXMLReporter -->
<testsuite ignored="0" hostname="Suresh" failures="1" tests="9" name="Login Page Test" time="23.104" errors="0" timestamp="2025-04-10T20:20:34 EDT">
  <testcase classname="com.qa.opencart.tests.LoginPageTest" name="footerTest" time="0.566"/>
  <testcase classname="com.qa.opencart.tests.LoginPageTest" name="footerTest" time="0.487"/>
  <testcase classname="com.qa.opencart.tests.LoginPageTest" name="footerTest" time="0.486"/>
  <testcase classname="com.qa.opencart.tests.LoginPageTest" name="footerTest" time="0.347"/>
  <testcase classname="com.qa.opencart.tests.LoginPageTest" name="forgotPwdLinkExistTest" time="0.779"/>
  <testcase classname="com.qa.opencart.tests.LoginPageTest" name="loginPageTitleTest" time="5.184">
    <failure type="java.lang.AssertionError" message="==title is not matched expected [Account Login11] but found [null]">
      <![CDATA[java.lang.AssertionError: ==title is not matched expected [Account Login11] but found [null]
at com.qa.opencart.tests.LoginPageTest.loginPageTitleTest(LoginPageTest.java:34)
at java.base/java.util.ArrayList.forEach(ArrayList.java:1541)
at java.base/java.util.concurrent.FutureTask.run(FutureTask.java:264)
at java.base/java.util.concurrent.ThreadPoolExecutor.runWorker(ThreadPoolExecutor.java:1128)
at java.base/java.util.concurrent.ThreadPoolExecutor$Worker.run(ThreadPoolExecutor.java:628)
at java.base/java.lang.Thread.run(Thread.java:834)
... Removed 22 stack frames]]>
    </failure>
  </testcase> <!-- loginPageTitleTest -->
  <testcase classname="com.qa.opencart.tests.LoginPageTest" name="loginPageURLTest" time="0.013"/>
  <testcase classname="com.qa.opencart.tests.LoginPageTest" name="logoTest" time="0.03"/>
  <testcase classname="com.qa.opencart.tests.LoginPageTest" name="loginTest" time="1.397"/>
</testsuite> <!-- Login Page Test -->
