<?xml version="1.0" encoding="UTF-8"?>
<testng-results ignored="1" total="32" passed="29" failed="2" skipped="0">
  <reporter-output>
  </reporter-output>
  <suite started-at="2025-04-15T16:16:15 EDT" name="TestNG Regression Suite" finished-at="2025-04-15T16:17:13 EDT" duration-ms="58078">
    <groups>
    </groups>
    <test started-at="2025-04-15T16:16:15 EDT" name="Home Page Test" finished-at="2025-04-15T16:16:50 EDT" duration-ms="35514">
      <class name="com.qa.opencart.tests.HomePageTest">
        <test-method is-config="true" signature="setup(java.lang.String)[pri:0, instance:com.qa.opencart.tests.HomePageTest@60cb1ed6]" started-at="2025-04-15T16:16:15 EDT" name="setup" finished-at="2025-04-15T16:16:24 EDT" duration-ms="9051" status="PASS">
          <params>
            <param index="0">
              <value>
                <![CDATA[chrome]]>
              </value>
            </param>
          </params>
          <reporter-output>
          </reporter-output>
        </test-method> <!-- setup -->
        <test-method is-config="true" signature="homePageSetup()[pri:0, instance:com.qa.opencart.tests.HomePageTest@60cb1ed6]" started-at="2025-04-15T16:16:24 EDT" name="homePageSetup" finished-at="2025-04-15T16:16:28 EDT" duration-ms="3473" status="PASS">
          <reporter-output>
          </reporter-output>
        </test-method> <!-- homePageSetup -->
        <test-method signature="footerTest(java.lang.String)[pri:0, instance:com.qa.opencart.tests.HomePageTest@60cb1ed6]" started-at="2025-04-15T16:16:28 EDT" name="footerTest" description="checking important footer links on home page" data-provider="getFooterData" finished-at="2025-04-15T16:16:30 EDT" duration-ms="2578" status="PASS">
          <params>
            <param index="0">
              <value>
                <![CDATA[About Us]]>
              </value>
            </param>
          </params>
          <reporter-output>
          </reporter-output>
        </test-method> <!-- footerTest -->
        <test-method is-config="true" signature="attachScreenshot(org.testng.ITestResult)[pri:0, instance:com.qa.opencart.tests.HomePageTest@60cb1ed6]" started-at="2025-04-15T16:16:30 EDT" name="attachScreenshot" finished-at="2025-04-15T16:16:30 EDT" duration-ms="36" status="PASS">
          <params>
            <param index="0">
              <value>
                <![CDATA[[TestResult name=footerTest status=SUCCESS method=HomePageTest.footerTest(java.lang.String)[pri:0, instance:com.qa.opencart.tests.HomePageTest@60cb1ed6] output={null}]]]>
              </value>
            </param>
          </params>
          <reporter-output>
          </reporter-output>
        </test-method> <!-- attachScreenshot -->
        <test-method signature="footerTest(java.lang.String)[pri:0, instance:com.qa.opencart.tests.HomePageTest@60cb1ed6]" started-at="2025-04-15T16:16:31 EDT" name="footerTest" description="checking important footer links on home page" data-provider="getFooterData" finished-at="2025-04-15T16:16:31 EDT" duration-ms="888" status="PASS">
          <params>
            <param index="0">
              <value>
                <![CDATA[Contact Us]]>
              </value>
            </param>
          </params>
          <reporter-output>
          </reporter-output>
        </test-method> <!-- footerTest -->
        <test-method is-config="true" signature="attachScreenshot(org.testng.ITestResult)[pri:0, instance:com.qa.opencart.tests.HomePageTest@60cb1ed6]" started-at="2025-04-15T16:16:31 EDT" name="attachScreenshot" finished-at="2025-04-15T16:16:31 EDT" duration-ms="1" status="PASS">
          <params>
            <param index="0">
              <value>
                <![CDATA[[TestResult name=footerTest status=SUCCESS method=HomePageTest.footerTest(java.lang.String)[pri:0, instance:com.qa.opencart.tests.HomePageTest@60cb1ed6] output={null}]]]>
              </value>
            </param>
          </params>
          <reporter-output>
          </reporter-output>
        </test-method> <!-- attachScreenshot -->
        <test-method signature="footerTest(java.lang.String)[pri:0, instance:com.qa.opencart.tests.HomePageTest@60cb1ed6]" started-at="2025-04-15T16:16:31 EDT" name="footerTest" description="checking important footer links on home page" data-provider="getFooterData" finished-at="2025-04-15T16:16:32 EDT" duration-ms="450" status="PASS">
          <params>
            <param index="0">
              <value>
                <![CDATA[Specials]]>
              </value>
            </param>
          </params>
          <reporter-output>
          </reporter-output>
        </test-method> <!-- footerTest -->
        <test-method is-config="true" signature="attachScreenshot(org.testng.ITestResult)[pri:0, instance:com.qa.opencart.tests.HomePageTest@60cb1ed6]" started-at="2025-04-15T16:16:32 EDT" name="attachScreenshot" finished-at="2025-04-15T16:16:32 EDT" duration-ms="2" status="PASS">
          <params>
            <param index="0">
              <value>
                <![CDATA[[TestResult name=footerTest status=SUCCESS method=HomePageTest.footerTest(java.lang.String)[pri:0, instance:com.qa.opencart.tests.HomePageTest@60cb1ed6] output={null}]]]>
              </value>
            </param>
          </params>
          <reporter-output>
          </reporter-output>
        </test-method> <!-- attachScreenshot -->
        <test-method signature="footerTest(java.lang.String)[pri:0, instance:com.qa.opencart.tests.HomePageTest@60cb1ed6]" started-at="2025-04-15T16:16:32 EDT" name="footerTest" description="checking important footer links on home page" data-provider="getFooterData" finished-at="2025-04-15T16:16:32 EDT" duration-ms="544" status="PASS">
          <params>
            <param index="0">
              <value>
                <![CDATA[Order History]]>
              </value>
            </param>
          </params>
          <reporter-output>
          </reporter-output>
        </test-method> <!-- footerTest -->
        <test-method is-config="true" signature="attachScreenshot(org.testng.ITestResult)[pri:0, instance:com.qa.opencart.tests.HomePageTest@60cb1ed6]" started-at="2025-04-15T16:16:32 EDT" name="attachScreenshot" finished-at="2025-04-15T16:16:32 EDT" duration-ms="2" status="PASS">
          <params>
            <param index="0">
              <value>
                <![CDATA[[TestResult name=footerTest status=SUCCESS method=HomePageTest.footerTest(java.lang.String)[pri:0, instance:com.qa.opencart.tests.HomePageTest@60cb1ed6] output={null}]]]>
              </value>
            </param>
          </params>
          <reporter-output>
          </reporter-output>
        </test-method> <!-- attachScreenshot -->
        <test-method signature="headersTest()[pri:0, instance:com.qa.opencart.tests.HomePageTest@60cb1ed6]" started-at="2025-04-15T16:16:32 EDT" name="headersTest" finished-at="2025-04-15T16:16:33 EDT" duration-ms="613" status="PASS">
          <reporter-output>
          </reporter-output>
        </test-method> <!-- headersTest -->
        <test-method is-config="true" signature="attachScreenshot(org.testng.ITestResult)[pri:0, instance:com.qa.opencart.tests.HomePageTest@60cb1ed6]" started-at="2025-04-15T16:16:33 EDT" name="attachScreenshot" finished-at="2025-04-15T16:16:33 EDT" duration-ms="1" status="PASS">
          <params>
            <param index="0">
              <value>
                <![CDATA[[TestResult name=headersTest status=SUCCESS method=HomePageTest.headersTest()[pri:0, instance:com.qa.opencart.tests.HomePageTest@60cb1ed6] output={null}]]]>
              </value>
            </param>
          </params>
          <reporter-output>
          </reporter-output>
        </test-method> <!-- attachScreenshot -->
        <test-method signature="homePageTitleTest()[pri:0, instance:com.qa.opencart.tests.HomePageTest@60cb1ed6]" started-at="2025-04-15T16:16:33 EDT" name="homePageTitleTest" finished-at="2025-04-15T16:16:33 EDT" duration-ms="139" status="PASS">
          <reporter-output>
          </reporter-output>
        </test-method> <!-- homePageTitleTest -->
        <test-method is-config="true" signature="attachScreenshot(org.testng.ITestResult)[pri:0, instance:com.qa.opencart.tests.HomePageTest@60cb1ed6]" started-at="2025-04-15T16:16:33 EDT" name="attachScreenshot" finished-at="2025-04-15T16:16:33 EDT" duration-ms="1" status="PASS">
          <params>
            <param index="0">
              <value>
                <![CDATA[[TestResult name=homePageTitleTest status=SUCCESS method=HomePageTest.homePageTitleTest()[pri:0, instance:com.qa.opencart.tests.HomePageTest@60cb1ed6] output={null}]]]>
              </value>
            </param>
          </params>
          <reporter-output>
          </reporter-output>
        </test-method> <!-- attachScreenshot -->
        <test-method signature="homePageURLTest()[pri:0, instance:com.qa.opencart.tests.HomePageTest@60cb1ed6]" started-at="2025-04-15T16:16:33 EDT" name="homePageURLTest" finished-at="2025-04-15T16:16:33 EDT" duration-ms="70" status="PASS">
          <reporter-output>
          </reporter-output>
        </test-method> <!-- homePageURLTest -->
        <test-method is-config="true" signature="attachScreenshot(org.testng.ITestResult)[pri:0, instance:com.qa.opencart.tests.HomePageTest@60cb1ed6]" started-at="2025-04-15T16:16:33 EDT" name="attachScreenshot" finished-at="2025-04-15T16:16:33 EDT" duration-ms="5" status="PASS">
          <params>
            <param index="0">
              <value>
                <![CDATA[[TestResult name=homePageURLTest status=SUCCESS method=HomePageTest.homePageURLTest()[pri:0, instance:com.qa.opencart.tests.HomePageTest@60cb1ed6] output={null}]]]>
              </value>
            </param>
          </params>
          <reporter-output>
          </reporter-output>
        </test-method> <!-- attachScreenshot -->
        <test-method signature="logoutLinkExistTest()[pri:0, instance:com.qa.opencart.tests.HomePageTest@60cb1ed6]" started-at="2025-04-15T16:16:33 EDT" name="logoutLinkExistTest" finished-at="2025-04-15T16:16:34 EDT" duration-ms="269" status="PASS">
          <reporter-output>
          </reporter-output>
        </test-method> <!-- logoutLinkExistTest -->
        <test-method is-config="true" signature="attachScreenshot(org.testng.ITestResult)[pri:0, instance:com.qa.opencart.tests.HomePageTest@60cb1ed6]" started-at="2025-04-15T16:16:34 EDT" name="attachScreenshot" finished-at="2025-04-15T16:16:34 EDT" duration-ms="1" status="PASS">
          <params>
            <param index="0">
              <value>
                <![CDATA[[TestResult name=logoutLinkExistTest status=SUCCESS method=HomePageTest.logoutLinkExistTest()[pri:0, instance:com.qa.opencart.tests.HomePageTest@60cb1ed6] output={null}]]]>
              </value>
            </param>
          </params>
          <reporter-output>
          </reporter-output>
        </test-method> <!-- attachScreenshot -->
        <test-method signature="searchTest(java.lang.String,int)[pri:0, instance:com.qa.opencart.tests.HomePageTest@60cb1ed6]" started-at="2025-04-15T16:16:34 EDT" name="searchTest" data-provider="getSearchData" finished-at="2025-04-15T16:16:35 EDT" duration-ms="1334" status="PASS">
          <params>
            <param index="0">
              <value>
                <![CDATA[macbook]]>
              </value>
            </param>
            <param index="1">
              <value>
                <![CDATA[3]]>
              </value>
            </param>
          </params>
          <reporter-output>
          </reporter-output>
        </test-method> <!-- searchTest -->
        <test-method is-config="true" signature="attachScreenshot(org.testng.ITestResult)[pri:0, instance:com.qa.opencart.tests.HomePageTest@60cb1ed6]" started-at="2025-04-15T16:16:35 EDT" name="attachScreenshot" finished-at="2025-04-15T16:16:35 EDT" duration-ms="2" status="PASS">
          <params>
            <param index="0">
              <value>
                <![CDATA[[TestResult name=searchTest status=SUCCESS method=HomePageTest.searchTest(java.lang.String,int)[pri:0, instance:com.qa.opencart.tests.HomePageTest@60cb1ed6] output={null}]]]>
              </value>
            </param>
          </params>
          <reporter-output>
          </reporter-output>
        </test-method> <!-- attachScreenshot -->
        <test-method signature="searchTest(java.lang.String,int)[pri:0, instance:com.qa.opencart.tests.HomePageTest@60cb1ed6]" started-at="2025-04-15T16:16:35 EDT" name="searchTest" data-provider="getSearchData" finished-at="2025-04-15T16:16:36 EDT" duration-ms="921" status="PASS">
          <params>
            <param index="0">
              <value>
                <![CDATA[imac]]>
              </value>
            </param>
            <param index="1">
              <value>
                <![CDATA[1]]>
              </value>
            </param>
          </params>
          <reporter-output>
          </reporter-output>
        </test-method> <!-- searchTest -->
        <test-method is-config="true" signature="attachScreenshot(org.testng.ITestResult)[pri:0, instance:com.qa.opencart.tests.HomePageTest@60cb1ed6]" started-at="2025-04-15T16:16:36 EDT" name="attachScreenshot" finished-at="2025-04-15T16:16:36 EDT" duration-ms="2" status="PASS">
          <params>
            <param index="0">
              <value>
                <![CDATA[[TestResult name=searchTest status=SUCCESS method=HomePageTest.searchTest(java.lang.String,int)[pri:0, instance:com.qa.opencart.tests.HomePageTest@60cb1ed6] output={null}]]]>
              </value>
            </param>
          </params>
          <reporter-output>
          </reporter-output>
        </test-method> <!-- attachScreenshot -->
        <test-method signature="searchTest(java.lang.String,int)[pri:0, instance:com.qa.opencart.tests.HomePageTest@60cb1ed6]" started-at="2025-04-15T16:16:36 EDT" name="searchTest" data-provider="getSearchData" finished-at="2025-04-15T16:16:37 EDT" duration-ms="931" status="PASS">
          <params>
            <param index="0">
              <value>
                <![CDATA[samsung]]>
              </value>
            </param>
            <param index="1">
              <value>
                <![CDATA[2]]>
              </value>
            </param>
          </params>
          <reporter-output>
          </reporter-output>
        </test-method> <!-- searchTest -->
        <test-method is-config="true" signature="attachScreenshot(org.testng.ITestResult)[pri:0, instance:com.qa.opencart.tests.HomePageTest@60cb1ed6]" started-at="2025-04-15T16:16:37 EDT" name="attachScreenshot" finished-at="2025-04-15T16:16:37 EDT" duration-ms="2" status="PASS">
          <params>
            <param index="0">
              <value>
                <![CDATA[[TestResult name=searchTest status=SUCCESS method=HomePageTest.searchTest(java.lang.String,int)[pri:0, instance:com.qa.opencart.tests.HomePageTest@60cb1ed6] output={null}]]]>
              </value>
            </param>
          </params>
          <reporter-output>
          </reporter-output>
        </test-method> <!-- attachScreenshot -->
        <test-method signature="searchTest(java.lang.String,int)[pri:0, instance:com.qa.opencart.tests.HomePageTest@60cb1ed6]" started-at="2025-04-15T16:16:37 EDT" name="searchTest" data-provider="getSearchData" finished-at="2025-04-15T16:16:38 EDT" duration-ms="846" status="PASS">
          <params>
            <param index="0">
              <value>
                <![CDATA[canon]]>
              </value>
            </param>
            <param index="1">
              <value>
                <![CDATA[1]]>
              </value>
            </param>
          </params>
          <reporter-output>
          </reporter-output>
        </test-method> <!-- searchTest -->
        <test-method is-config="true" signature="attachScreenshot(org.testng.ITestResult)[pri:0, instance:com.qa.opencart.tests.HomePageTest@60cb1ed6]" started-at="2025-04-15T16:16:38 EDT" name="attachScreenshot" finished-at="2025-04-15T16:16:38 EDT" duration-ms="1" status="PASS">
          <params>
            <param index="0">
              <value>
                <![CDATA[[TestResult name=searchTest status=SUCCESS method=HomePageTest.searchTest(java.lang.String,int)[pri:0, instance:com.qa.opencart.tests.HomePageTest@60cb1ed6] output={null}]]]>
              </value>
            </param>
          </params>
          <reporter-output>
          </reporter-output>
        </test-method> <!-- attachScreenshot -->
        <test-method signature="searchTest(java.lang.String,int)[pri:0, instance:com.qa.opencart.tests.HomePageTest@60cb1ed6]" started-at="2025-04-15T16:16:38 EDT" name="searchTest" data-provider="getSearchData" finished-at="2025-04-15T16:16:49 EDT" duration-ms="11661" status="PASS">
          <params>
            <param index="0">
              <value>
                <![CDATA[airtel]]>
              </value>
            </param>
            <param index="1">
              <value>
                <![CDATA[0]]>
              </value>
            </param>
          </params>
          <reporter-output>
          </reporter-output>
        </test-method> <!-- searchTest -->
        <test-method is-config="true" signature="attachScreenshot(org.testng.ITestResult)[pri:0, instance:com.qa.opencart.tests.HomePageTest@60cb1ed6]" started-at="2025-04-15T16:16:49 EDT" name="attachScreenshot" finished-at="2025-04-15T16:16:49 EDT" duration-ms="1" status="PASS">
          <params>
            <param index="0">
              <value>
                <![CDATA[[TestResult name=searchTest status=SUCCESS method=HomePageTest.searchTest(java.lang.String,int)[pri:0, instance:com.qa.opencart.tests.HomePageTest@60cb1ed6] output={null}]]]>
              </value>
            </param>
          </params>
          <reporter-output>
          </reporter-output>
        </test-method> <!-- attachScreenshot -->
        <test-method is-config="true" signature="tear()[pri:0, instance:com.qa.opencart.tests.HomePageTest@60cb1ed6]" started-at="2025-04-15T16:16:49 EDT" name="tear" finished-at="2025-04-15T16:16:50 EDT" duration-ms="661" status="PASS">
          <reporter-output>
          </reporter-output>
        </test-method> <!-- tear -->
      </class> <!-- com.qa.opencart.tests.HomePageTest -->
    </test> <!-- Home Page Test -->
    <test started-at="2025-04-15T16:16:15 EDT" name="Product Info Page Test" finished-at="2025-04-15T16:16:51 EDT" duration-ms="36611">
      <class name="com.qa.opencart.tests.ProductinfoPageTest">
        <test-method is-config="true" signature="setup(java.lang.String)[pri:0, instance:com.qa.opencart.tests.ProductinfoPageTest@2c26ba07]" started-at="2025-04-15T16:16:15 EDT" name="setup" finished-at="2025-04-15T16:16:26 EDT" duration-ms="11679" status="PASS">
          <params>
            <param index="0">
              <value>
                <![CDATA[edge]]>
              </value>
            </param>
          </params>
          <reporter-output>
          </reporter-output>
        </test-method> <!-- setup -->
        <test-method is-config="true" signature="productInfoSetup()[pri:0, instance:com.qa.opencart.tests.ProductinfoPageTest@2c26ba07]" started-at="2025-04-15T16:16:26 EDT" name="productInfoSetup" finished-at="2025-04-15T16:16:28 EDT" duration-ms="1476" status="PASS">
          <reporter-output>
          </reporter-output>
        </test-method> <!-- productInfoSetup -->
        <test-method signature="productImagesCountTest(java.lang.String,java.lang.String,java.lang.String)[pri:0, instance:com.qa.opencart.tests.ProductinfoPageTest@2c26ba07]" started-at="2025-04-15T16:16:31 EDT" name="productImagesCountTest" data-provider="getProductImageSheetData" finished-at="2025-04-15T16:16:35 EDT" duration-ms="3733" status="PASS">
          <params>
            <param index="0">
              <value>
                <![CDATA[macbook]]>
              </value>
            </param>
            <param index="1">
              <value>
                <![CDATA[MacBook Pro]]>
              </value>
            </param>
            <param index="2">
              <value>
                <![CDATA[4]]>
              </value>
            </param>
          </params>
          <reporter-output>
          </reporter-output>
        </test-method> <!-- productImagesCountTest -->
        <test-method is-config="true" signature="attachScreenshot(org.testng.ITestResult)[pri:0, instance:com.qa.opencart.tests.ProductinfoPageTest@2c26ba07]" started-at="2025-04-15T16:16:35 EDT" name="attachScreenshot" finished-at="2025-04-15T16:16:35 EDT" duration-ms="1" status="PASS">
          <params>
            <param index="0">
              <value>
                <![CDATA[[TestResult name=productImagesCountTest status=SUCCESS method=ProductinfoPageTest.productImagesCountTest(java.lang.String,java.lang.String,java.lang.String)[pri:0, instance:com.qa.opencart.tests.ProductinfoPageTest@2c26ba07] output={null}]]]>
              </value>
            </param>
          </params>
          <reporter-output>
          </reporter-output>
        </test-method> <!-- attachScreenshot -->
        <test-method signature="productImagesCountTest(java.lang.String,java.lang.String,java.lang.String)[pri:0, instance:com.qa.opencart.tests.ProductinfoPageTest@2c26ba07]" started-at="2025-04-15T16:16:35 EDT" name="productImagesCountTest" data-provider="getProductImageSheetData" finished-at="2025-04-15T16:16:37 EDT" duration-ms="2008" status="PASS">
          <params>
            <param index="0">
              <value>
                <![CDATA[macbook]]>
              </value>
            </param>
            <param index="1">
              <value>
                <![CDATA[MacBook Air]]>
              </value>
            </param>
            <param index="2">
              <value>
                <![CDATA[4]]>
              </value>
            </param>
          </params>
          <reporter-output>
          </reporter-output>
        </test-method> <!-- productImagesCountTest -->
        <test-method is-config="true" signature="attachScreenshot(org.testng.ITestResult)[pri:0, instance:com.qa.opencart.tests.ProductinfoPageTest@2c26ba07]" started-at="2025-04-15T16:16:37 EDT" name="attachScreenshot" finished-at="2025-04-15T16:16:37 EDT" duration-ms="3" status="PASS">
          <params>
            <param index="0">
              <value>
                <![CDATA[[TestResult name=productImagesCountTest status=SUCCESS method=ProductinfoPageTest.productImagesCountTest(java.lang.String,java.lang.String,java.lang.String)[pri:0, instance:com.qa.opencart.tests.ProductinfoPageTest@2c26ba07] output={null}]]]>
              </value>
            </param>
          </params>
          <reporter-output>
          </reporter-output>
        </test-method> <!-- attachScreenshot -->
        <test-method signature="productImagesCountTest(java.lang.String,java.lang.String,java.lang.String)[pri:0, instance:com.qa.opencart.tests.ProductinfoPageTest@2c26ba07]" started-at="2025-04-15T16:16:37 EDT" name="productImagesCountTest" data-provider="getProductImageSheetData" finished-at="2025-04-15T16:16:39 EDT" duration-ms="1815" status="PASS">
          <params>
            <param index="0">
              <value>
                <![CDATA[imac]]>
              </value>
            </param>
            <param index="1">
              <value>
                <![CDATA[iMac]]>
              </value>
            </param>
            <param index="2">
              <value>
                <![CDATA[3]]>
              </value>
            </param>
          </params>
          <reporter-output>
          </reporter-output>
        </test-method> <!-- productImagesCountTest -->
        <test-method is-config="true" signature="attachScreenshot(org.testng.ITestResult)[pri:0, instance:com.qa.opencart.tests.ProductinfoPageTest@2c26ba07]" started-at="2025-04-15T16:16:39 EDT" name="attachScreenshot" finished-at="2025-04-15T16:16:39 EDT" duration-ms="0" status="PASS">
          <params>
            <param index="0">
              <value>
                <![CDATA[[TestResult name=productImagesCountTest status=SUCCESS method=ProductinfoPageTest.productImagesCountTest(java.lang.String,java.lang.String,java.lang.String)[pri:0, instance:com.qa.opencart.tests.ProductinfoPageTest@2c26ba07] output={null}]]]>
              </value>
            </param>
          </params>
          <reporter-output>
          </reporter-output>
        </test-method> <!-- attachScreenshot -->
        <test-method signature="productImagesCountTest(java.lang.String,java.lang.String,java.lang.String)[pri:0, instance:com.qa.opencart.tests.ProductinfoPageTest@2c26ba07]" started-at="2025-04-15T16:16:39 EDT" name="productImagesCountTest" data-provider="getProductImageSheetData" finished-at="2025-04-15T16:16:40 EDT" duration-ms="1558" status="PASS">
          <params>
            <param index="0">
              <value>
                <![CDATA[samsung ]]>
              </value>
            </param>
            <param index="1">
              <value>
                <![CDATA[Samsung SyncMaster 941BW]]>
              </value>
            </param>
            <param index="2">
              <value>
                <![CDATA[1]]>
              </value>
            </param>
          </params>
          <reporter-output>
          </reporter-output>
        </test-method> <!-- productImagesCountTest -->
        <test-method is-config="true" signature="attachScreenshot(org.testng.ITestResult)[pri:0, instance:com.qa.opencart.tests.ProductinfoPageTest@2c26ba07]" started-at="2025-04-15T16:16:40 EDT" name="attachScreenshot" finished-at="2025-04-15T16:16:40 EDT" duration-ms="1" status="PASS">
          <params>
            <param index="0">
              <value>
                <![CDATA[[TestResult name=productImagesCountTest status=SUCCESS method=ProductinfoPageTest.productImagesCountTest(java.lang.String,java.lang.String,java.lang.String)[pri:0, instance:com.qa.opencart.tests.ProductinfoPageTest@2c26ba07] output={null}]]]>
              </value>
            </param>
          </params>
          <reporter-output>
          </reporter-output>
        </test-method> <!-- attachScreenshot -->
        <test-method signature="productImagesCountTest(java.lang.String,java.lang.String,java.lang.String)[pri:0, instance:com.qa.opencart.tests.ProductinfoPageTest@2c26ba07]" started-at="2025-04-15T16:16:40 EDT" name="productImagesCountTest" data-provider="getProductImageSheetData" finished-at="2025-04-15T16:16:42 EDT" duration-ms="1618" status="PASS">
          <params>
            <param index="0">
              <value>
                <![CDATA[samsung ]]>
              </value>
            </param>
            <param index="1">
              <value>
                <![CDATA[Samsung Galaxy Tab 10.1]]>
              </value>
            </param>
            <param index="2">
              <value>
                <![CDATA[7]]>
              </value>
            </param>
          </params>
          <reporter-output>
          </reporter-output>
        </test-method> <!-- productImagesCountTest -->
        <test-method is-config="true" signature="attachScreenshot(org.testng.ITestResult)[pri:0, instance:com.qa.opencart.tests.ProductinfoPageTest@2c26ba07]" started-at="2025-04-15T16:16:42 EDT" name="attachScreenshot" finished-at="2025-04-15T16:16:42 EDT" duration-ms="0" status="PASS">
          <params>
            <param index="0">
              <value>
                <![CDATA[[TestResult name=productImagesCountTest status=SUCCESS method=ProductinfoPageTest.productImagesCountTest(java.lang.String,java.lang.String,java.lang.String)[pri:0, instance:com.qa.opencart.tests.ProductinfoPageTest@2c26ba07] output={null}]]]>
              </value>
            </param>
          </params>
          <reporter-output>
          </reporter-output>
        </test-method> <!-- attachScreenshot -->
        <test-method signature="productInfoTest()[pri:0, instance:com.qa.opencart.tests.ProductinfoPageTest@2c26ba07]" started-at="2025-04-15T16:16:42 EDT" name="productInfoTest" finished-at="2025-04-15T16:16:43 EDT" duration-ms="1485" status="FAIL">
          <exception class="java.lang.AssertionError">
            <message>
              <![CDATA[The following asserts failed:
expected [In Stock] but found [Out Of Stock]]]>
            </message>
            <full-stacktrace>
              <![CDATA[java.lang.AssertionError: The following asserts failed:
expected [In Stock] but found [Out Of Stock]
at org.testng.asserts.SoftAssert.assertAll(SoftAssert.java:46)
at org.testng.asserts.SoftAssert.assertAll(SoftAssert.java:30)
at com.qa.opencart.tests.ProductinfoPageTest.productInfoTest(ProductinfoPageTest.java:90)
at java.base/jdk.internal.reflect.NativeMethodAccessorImpl.invoke0(Native Method)
at java.base/jdk.internal.reflect.NativeMethodAccessorImpl.invoke(NativeMethodAccessorImpl.java:62)
at java.base/jdk.internal.reflect.DelegatingMethodAccessorImpl.invoke(DelegatingMethodAccessorImpl.java:43)
at java.base/java.lang.reflect.Method.invoke(Method.java:566)
at org.testng.internal.invokers.MethodInvocationHelper.invokeMethod(MethodInvocationHelper.java:141)
at org.testng.internal.invokers.TestInvoker.invokeMethod(TestInvoker.java:687)
at org.testng.internal.invokers.TestInvoker.invokeTestMethod(TestInvoker.java:230)
at org.testng.internal.invokers.MethodRunner.runInSequence(MethodRunner.java:63)
at org.testng.internal.invokers.TestInvoker$MethodInvocationAgent.invoke(TestInvoker.java:995)
at org.testng.internal.invokers.TestInvoker.invokeTestMethods(TestInvoker.java:203)
at org.testng.internal.invokers.TestMethodWorker.invokeTestMethods(TestMethodWorker.java:154)
at org.testng.internal.invokers.TestMethodWorker.run(TestMethodWorker.java:134)
at java.base/java.util.ArrayList.forEach(ArrayList.java:1541)
at org.testng.TestRunner.privateRun(TestRunner.java:741)
at org.testng.TestRunner.run(TestRunner.java:616)
at org.testng.SuiteRunner.runTest(SuiteRunner.java:421)
at org.testng.SuiteRunner$SuiteWorker.run(SuiteRunner.java:463)
at org.testng.internal.thread.ThreadUtil.lambda$execute$0(ThreadUtil.java:64)
at java.base/java.util.concurrent.FutureTask.run(FutureTask.java:264)
at java.base/java.util.concurrent.ThreadPoolExecutor.runWorker(ThreadPoolExecutor.java:1128)
at java.base/java.util.concurrent.ThreadPoolExecutor$Worker.run(ThreadPoolExecutor.java:628)
at java.base/java.lang.Thread.run(Thread.java:834)
]]>
            </full-stacktrace>
          </exception> <!-- java.lang.AssertionError -->
          <reporter-output>
          </reporter-output>
        </test-method> <!-- productInfoTest -->
        <test-method is-config="true" signature="attachScreenshot(org.testng.ITestResult)[pri:0, instance:com.qa.opencart.tests.ProductinfoPageTest@2c26ba07]" started-at="2025-04-15T16:16:44 EDT" name="attachScreenshot" finished-at="2025-04-15T16:16:44 EDT" duration-ms="149" status="PASS">
          <params>
            <param index="0">
              <value>
                <![CDATA[[TestResult name=productInfoTest status=FAILURE method=ProductinfoPageTest.productInfoTest()[pri:0, instance:com.qa.opencart.tests.ProductinfoPageTest@2c26ba07] output={null}]]]>
              </value>
            </param>
          </params>
          <reporter-output>
          </reporter-output>
        </test-method> <!-- attachScreenshot -->
        <test-method signature="productSearchHeaderTest(java.lang.String,java.lang.String)[pri:0, instance:com.qa.opencart.tests.ProductinfoPageTest@2c26ba07]" started-at="2025-04-15T16:16:44 EDT" name="productSearchHeaderTest" data-provider="getProductData" finished-at="2025-04-15T16:16:46 EDT" duration-ms="1401" status="PASS">
          <params>
            <param index="0">
              <value>
                <![CDATA[macbook]]>
              </value>
            </param>
            <param index="1">
              <value>
                <![CDATA[MacBook Pro]]>
              </value>
            </param>
          </params>
          <reporter-output>
          </reporter-output>
        </test-method> <!-- productSearchHeaderTest -->
        <test-method is-config="true" signature="attachScreenshot(org.testng.ITestResult)[pri:0, instance:com.qa.opencart.tests.ProductinfoPageTest@2c26ba07]" started-at="2025-04-15T16:16:46 EDT" name="attachScreenshot" finished-at="2025-04-15T16:16:46 EDT" duration-ms="2" status="PASS">
          <params>
            <param index="0">
              <value>
                <![CDATA[[TestResult name=productSearchHeaderTest status=SUCCESS method=ProductinfoPageTest.productSearchHeaderTest(java.lang.String,java.lang.String)[pri:0, instance:com.qa.opencart.tests.ProductinfoPageTest@2c26ba07] output={null}]]]>
              </value>
            </param>
          </params>
          <reporter-output>
          </reporter-output>
        </test-method> <!-- attachScreenshot -->
        <test-method signature="productSearchHeaderTest(java.lang.String,java.lang.String)[pri:0, instance:com.qa.opencart.tests.ProductinfoPageTest@2c26ba07]" started-at="2025-04-15T16:16:46 EDT" name="productSearchHeaderTest" data-provider="getProductData" finished-at="2025-04-15T16:16:47 EDT" duration-ms="1528" status="PASS">
          <params>
            <param index="0">
              <value>
                <![CDATA[imac]]>
              </value>
            </param>
            <param index="1">
              <value>
                <![CDATA[iMac]]>
              </value>
            </param>
          </params>
          <reporter-output>
          </reporter-output>
        </test-method> <!-- productSearchHeaderTest -->
        <test-method is-config="true" signature="attachScreenshot(org.testng.ITestResult)[pri:0, instance:com.qa.opencart.tests.ProductinfoPageTest@2c26ba07]" started-at="2025-04-15T16:16:47 EDT" name="attachScreenshot" finished-at="2025-04-15T16:16:47 EDT" duration-ms="0" status="PASS">
          <params>
            <param index="0">
              <value>
                <![CDATA[[TestResult name=productSearchHeaderTest status=SUCCESS method=ProductinfoPageTest.productSearchHeaderTest(java.lang.String,java.lang.String)[pri:0, instance:com.qa.opencart.tests.ProductinfoPageTest@2c26ba07] output={null}]]]>
              </value>
            </param>
          </params>
          <reporter-output>
          </reporter-output>
        </test-method> <!-- attachScreenshot -->
        <test-method signature="productSearchHeaderTest(java.lang.String,java.lang.String)[pri:0, instance:com.qa.opencart.tests.ProductinfoPageTest@2c26ba07]" started-at="2025-04-15T16:16:47 EDT" name="productSearchHeaderTest" data-provider="getProductData" finished-at="2025-04-15T16:16:49 EDT" duration-ms="1602" status="PASS">
          <params>
            <param index="0">
              <value>
                <![CDATA[samsung]]>
              </value>
            </param>
            <param index="1">
              <value>
                <![CDATA[Samsung SyncMaster 941BW]]>
              </value>
            </param>
          </params>
          <reporter-output>
          </reporter-output>
        </test-method> <!-- productSearchHeaderTest -->
        <test-method is-config="true" signature="attachScreenshot(org.testng.ITestResult)[pri:0, instance:com.qa.opencart.tests.ProductinfoPageTest@2c26ba07]" started-at="2025-04-15T16:16:49 EDT" name="attachScreenshot" finished-at="2025-04-15T16:16:49 EDT" duration-ms="1" status="PASS">
          <params>
            <param index="0">
              <value>
                <![CDATA[[TestResult name=productSearchHeaderTest status=SUCCESS method=ProductinfoPageTest.productSearchHeaderTest(java.lang.String,java.lang.String)[pri:0, instance:com.qa.opencart.tests.ProductinfoPageTest@2c26ba07] output={null}]]]>
              </value>
            </param>
          </params>
          <reporter-output>
          </reporter-output>
        </test-method> <!-- attachScreenshot -->
        <test-method is-config="true" signature="tear()[pri:0, instance:com.qa.opencart.tests.ProductinfoPageTest@2c26ba07]" started-at="2025-04-15T16:16:49 EDT" name="tear" finished-at="2025-04-15T16:16:51 EDT" duration-ms="2372" status="PASS">
          <reporter-output>
          </reporter-output>
        </test-method> <!-- tear -->
      </class> <!-- com.qa.opencart.tests.ProductinfoPageTest -->
    </test> <!-- Product Info Page Test -->
    <test started-at="2025-04-15T16:16:15 EDT" name="Login Page Test" finished-at="2025-04-15T16:17:13 EDT" duration-ms="58078">
      <class name="com.qa.opencart.tests.LoginPageTest">
        <test-method is-config="true" signature="setup(java.lang.String)[pri:0, instance:com.qa.opencart.tests.LoginPageTest@411cd156]" started-at="2025-04-15T16:16:15 EDT" name="setup" finished-at="2025-04-15T16:17:04 EDT" duration-ms="49234" status="PASS">
          <params>
            <param index="0">
              <value>
                <![CDATA[firefox]]>
              </value>
            </param>
          </params>
          <reporter-output>
          </reporter-output>
        </test-method> <!-- setup -->
        <test-method signature="footerTest(java.lang.String)[pri:0, instance:com.qa.opencart.tests.LoginPageTest@411cd156]" started-at="2025-04-15T16:17:04 EDT" name="footerTest" data-provider="getFooterData" finished-at="2025-04-15T16:17:04 EDT" duration-ms="310" status="PASS">
          <params>
            <param index="0">
              <value>
                <![CDATA[About Us]]>
              </value>
            </param>
          </params>
          <reporter-output>
          </reporter-output>
        </test-method> <!-- footerTest -->
        <test-method is-config="true" signature="attachScreenshot(org.testng.ITestResult)[pri:0, instance:com.qa.opencart.tests.LoginPageTest@411cd156]" started-at="2025-04-15T16:17:04 EDT" name="attachScreenshot" finished-at="2025-04-15T16:17:04 EDT" duration-ms="1" status="PASS">
          <params>
            <param index="0">
              <value>
                <![CDATA[[TestResult name=footerTest status=SUCCESS method=LoginPageTest.footerTest(java.lang.String)[pri:0, instance:com.qa.opencart.tests.LoginPageTest@411cd156] output={null}]]]>
              </value>
            </param>
          </params>
          <reporter-output>
          </reporter-output>
        </test-method> <!-- attachScreenshot -->
        <test-method signature="footerTest(java.lang.String)[pri:0, instance:com.qa.opencart.tests.LoginPageTest@411cd156]" started-at="2025-04-15T16:17:04 EDT" name="footerTest" data-provider="getFooterData" finished-at="2025-04-15T16:17:04 EDT" duration-ms="172" status="PASS">
          <params>
            <param index="0">
              <value>
                <![CDATA[Contact Us]]>
              </value>
            </param>
          </params>
          <reporter-output>
          </reporter-output>
        </test-method> <!-- footerTest -->
        <test-method is-config="true" signature="attachScreenshot(org.testng.ITestResult)[pri:0, instance:com.qa.opencart.tests.LoginPageTest@411cd156]" started-at="2025-04-15T16:17:04 EDT" name="attachScreenshot" finished-at="2025-04-15T16:17:04 EDT" duration-ms="1" status="PASS">
          <params>
            <param index="0">
              <value>
                <![CDATA[[TestResult name=footerTest status=SUCCESS method=LoginPageTest.footerTest(java.lang.String)[pri:0, instance:com.qa.opencart.tests.LoginPageTest@411cd156] output={null}]]]>
              </value>
            </param>
          </params>
          <reporter-output>
          </reporter-output>
        </test-method> <!-- attachScreenshot -->
        <test-method signature="footerTest(java.lang.String)[pri:0, instance:com.qa.opencart.tests.LoginPageTest@411cd156]" started-at="2025-04-15T16:17:04 EDT" name="footerTest" data-provider="getFooterData" finished-at="2025-04-15T16:17:04 EDT" duration-ms="152" status="PASS">
          <params>
            <param index="0">
              <value>
                <![CDATA[Specials]]>
              </value>
            </param>
          </params>
          <reporter-output>
          </reporter-output>
        </test-method> <!-- footerTest -->
        <test-method is-config="true" signature="attachScreenshot(org.testng.ITestResult)[pri:0, instance:com.qa.opencart.tests.LoginPageTest@411cd156]" started-at="2025-04-15T16:17:04 EDT" name="attachScreenshot" finished-at="2025-04-15T16:17:04 EDT" duration-ms="1" status="PASS">
          <params>
            <param index="0">
              <value>
                <![CDATA[[TestResult name=footerTest status=SUCCESS method=LoginPageTest.footerTest(java.lang.String)[pri:0, instance:com.qa.opencart.tests.LoginPageTest@411cd156] output={null}]]]>
              </value>
            </param>
          </params>
          <reporter-output>
          </reporter-output>
        </test-method> <!-- attachScreenshot -->
        <test-method signature="footerTest(java.lang.String)[pri:0, instance:com.qa.opencart.tests.LoginPageTest@411cd156]" started-at="2025-04-15T16:17:04 EDT" name="footerTest" data-provider="getFooterData" finished-at="2025-04-15T16:17:05 EDT" duration-ms="145" status="PASS">
          <params>
            <param index="0">
              <value>
                <![CDATA[Order History]]>
              </value>
            </param>
          </params>
          <reporter-output>
          </reporter-output>
        </test-method> <!-- footerTest -->
        <test-method is-config="true" signature="attachScreenshot(org.testng.ITestResult)[pri:0, instance:com.qa.opencart.tests.LoginPageTest@411cd156]" started-at="2025-04-15T16:17:05 EDT" name="attachScreenshot" finished-at="2025-04-15T16:17:05 EDT" duration-ms="1" status="PASS">
          <params>
            <param index="0">
              <value>
                <![CDATA[[TestResult name=footerTest status=SUCCESS method=LoginPageTest.footerTest(java.lang.String)[pri:0, instance:com.qa.opencart.tests.LoginPageTest@411cd156] output={null}]]]>
              </value>
            </param>
          </params>
          <reporter-output>
          </reporter-output>
        </test-method> <!-- attachScreenshot -->
        <test-method signature="forgotPwdLinkExistTest()[pri:0, instance:com.qa.opencart.tests.LoginPageTest@411cd156]" started-at="2025-04-15T16:17:05 EDT" name="forgotPwdLinkExistTest" finished-at="2025-04-15T16:17:05 EDT" duration-ms="217" status="PASS">
          <reporter-output>
          </reporter-output>
        </test-method> <!-- forgotPwdLinkExistTest -->
        <test-method is-config="true" signature="attachScreenshot(org.testng.ITestResult)[pri:0, instance:com.qa.opencart.tests.LoginPageTest@411cd156]" started-at="2025-04-15T16:17:05 EDT" name="attachScreenshot" finished-at="2025-04-15T16:17:05 EDT" duration-ms="3" status="PASS">
          <params>
            <param index="0">
              <value>
                <![CDATA[[TestResult name=forgotPwdLinkExistTest status=SUCCESS method=LoginPageTest.forgotPwdLinkExistTest()[pri:0, instance:com.qa.opencart.tests.LoginPageTest@411cd156] output={null}]]]>
              </value>
            </param>
          </params>
          <reporter-output>
          </reporter-output>
        </test-method> <!-- attachScreenshot -->
        <test-method signature="loginPageTitleTest()[pri:0, instance:com.qa.opencart.tests.LoginPageTest@411cd156]" started-at="2025-04-15T16:17:05 EDT" name="loginPageTitleTest" finished-at="2025-04-15T16:17:10 EDT" duration-ms="5124" status="FAIL">
          <exception class="java.lang.AssertionError">
            <message>
              <![CDATA[==title is not matched expected [Account Login11] but found [null]]]>
            </message>
            <full-stacktrace>
              <![CDATA[java.lang.AssertionError: ==title is not matched expected [Account Login11] but found [null]
at org.testng.Assert.fail(Assert.java:111)
at org.testng.Assert.failNotEquals(Assert.java:1590)
at org.testng.Assert.assertEqualsImpl(Assert.java:150)
at org.testng.Assert.assertEquals(Assert.java:132)
at org.testng.Assert.assertEquals(Assert.java:656)
at com.qa.opencart.tests.LoginPageTest.loginPageTitleTest(LoginPageTest.java:34)
at java.base/jdk.internal.reflect.NativeMethodAccessorImpl.invoke0(Native Method)
at java.base/jdk.internal.reflect.NativeMethodAccessorImpl.invoke(NativeMethodAccessorImpl.java:62)
at java.base/jdk.internal.reflect.DelegatingMethodAccessorImpl.invoke(DelegatingMethodAccessorImpl.java:43)
at java.base/java.lang.reflect.Method.invoke(Method.java:566)
at org.testng.internal.invokers.MethodInvocationHelper.invokeMethod(MethodInvocationHelper.java:141)
at org.testng.internal.invokers.TestInvoker.invokeMethod(TestInvoker.java:687)
at org.testng.internal.invokers.TestInvoker.invokeTestMethod(TestInvoker.java:230)
at org.testng.internal.invokers.MethodRunner.runInSequence(MethodRunner.java:63)
at org.testng.internal.invokers.TestInvoker$MethodInvocationAgent.invoke(TestInvoker.java:995)
at org.testng.internal.invokers.TestInvoker.invokeTestMethods(TestInvoker.java:203)
at org.testng.internal.invokers.TestMethodWorker.invokeTestMethods(TestMethodWorker.java:154)
at org.testng.internal.invokers.TestMethodWorker.run(TestMethodWorker.java:134)
at java.base/java.util.ArrayList.forEach(ArrayList.java:1541)
at org.testng.TestRunner.privateRun(TestRunner.java:741)
at org.testng.TestRunner.run(TestRunner.java:616)
at org.testng.SuiteRunner.runTest(SuiteRunner.java:421)
at org.testng.SuiteRunner$SuiteWorker.run(SuiteRunner.java:463)
at org.testng.internal.thread.ThreadUtil.lambda$execute$0(ThreadUtil.java:64)
at java.base/java.util.concurrent.FutureTask.run(FutureTask.java:264)
at java.base/java.util.concurrent.ThreadPoolExecutor.runWorker(ThreadPoolExecutor.java:1128)
at java.base/java.util.concurrent.ThreadPoolExecutor$Worker.run(ThreadPoolExecutor.java:628)
at java.base/java.lang.Thread.run(Thread.java:834)
]]>
            </full-stacktrace>
          </exception> <!-- java.lang.AssertionError -->
          <reporter-output>
          </reporter-output>
        </test-method> <!-- loginPageTitleTest -->
        <test-method is-config="true" signature="attachScreenshot(org.testng.ITestResult)[pri:0, instance:com.qa.opencart.tests.LoginPageTest@411cd156]" started-at="2025-04-15T16:17:10 EDT" name="attachScreenshot" finished-at="2025-04-15T16:17:10 EDT" duration-ms="53" status="PASS">
          <params>
            <param index="0">
              <value>
                <![CDATA[[TestResult name=loginPageTitleTest status=FAILURE method=LoginPageTest.loginPageTitleTest()[pri:0, instance:com.qa.opencart.tests.LoginPageTest@411cd156] output={null}]]]>
              </value>
            </param>
          </params>
          <reporter-output>
          </reporter-output>
        </test-method> <!-- attachScreenshot -->
        <test-method signature="loginPageURLTest()[pri:0, instance:com.qa.opencart.tests.LoginPageTest@411cd156]" started-at="2025-04-15T16:17:10 EDT" name="loginPageURLTest" finished-at="2025-04-15T16:17:10 EDT" duration-ms="11" status="PASS">
          <reporter-output>
          </reporter-output>
        </test-method> <!-- loginPageURLTest -->
        <test-method is-config="true" signature="attachScreenshot(org.testng.ITestResult)[pri:0, instance:com.qa.opencart.tests.LoginPageTest@411cd156]" started-at="2025-04-15T16:17:10 EDT" name="attachScreenshot" finished-at="2025-04-15T16:17:10 EDT" duration-ms="0" status="PASS">
          <params>
            <param index="0">
              <value>
                <![CDATA[[TestResult name=loginPageURLTest status=SUCCESS method=LoginPageTest.loginPageURLTest()[pri:0, instance:com.qa.opencart.tests.LoginPageTest@411cd156] output={null}]]]>
              </value>
            </param>
          </params>
          <reporter-output>
          </reporter-output>
        </test-method> <!-- attachScreenshot -->
        <test-method signature="logoTest()[pri:0, instance:com.qa.opencart.tests.LoginPageTest@411cd156]" started-at="2025-04-15T16:17:10 EDT" name="logoTest" finished-at="2025-04-15T16:17:10 EDT" duration-ms="21" status="PASS">
          <reporter-output>
          </reporter-output>
        </test-method> <!-- logoTest -->
        <test-method is-config="true" signature="attachScreenshot(org.testng.ITestResult)[pri:0, instance:com.qa.opencart.tests.LoginPageTest@411cd156]" started-at="2025-04-15T16:17:10 EDT" name="attachScreenshot" finished-at="2025-04-15T16:17:10 EDT" duration-ms="1" status="PASS">
          <params>
            <param index="0">
              <value>
                <![CDATA[[TestResult name=logoTest status=SUCCESS method=LoginPageTest.logoTest()[pri:0, instance:com.qa.opencart.tests.LoginPageTest@411cd156] output={null}]]]>
              </value>
            </param>
          </params>
          <reporter-output>
          </reporter-output>
        </test-method> <!-- attachScreenshot -->
        <test-method signature="loginTest()[pri:2147483647, instance:com.qa.opencart.tests.LoginPageTest@411cd156]" started-at="2025-04-15T16:17:10 EDT" name="loginTest" finished-at="2025-04-15T16:17:11 EDT" duration-ms="1086" status="PASS">
          <reporter-output>
          </reporter-output>
        </test-method> <!-- loginTest -->
        <test-method is-config="true" signature="attachScreenshot(org.testng.ITestResult)[pri:0, instance:com.qa.opencart.tests.LoginPageTest@411cd156]" started-at="2025-04-15T16:17:11 EDT" name="attachScreenshot" finished-at="2025-04-15T16:17:11 EDT" duration-ms="3" status="PASS">
          <params>
            <param index="0">
              <value>
                <![CDATA[[TestResult name=loginTest status=SUCCESS method=LoginPageTest.loginTest()[pri:2147483647, instance:com.qa.opencart.tests.LoginPageTest@411cd156] output={null}]]]>
              </value>
            </param>
          </params>
          <reporter-output>
          </reporter-output>
        </test-method> <!-- attachScreenshot -->
        <test-method is-config="true" signature="tear()[pri:0, instance:com.qa.opencart.tests.LoginPageTest@411cd156]" started-at="2025-04-15T16:17:11 EDT" name="tear" finished-at="2025-04-15T16:17:13 EDT" duration-ms="1362" status="PASS">
          <reporter-output>
          </reporter-output>
        </test-method> <!-- tear -->
      </class> <!-- com.qa.opencart.tests.LoginPageTest -->
    </test> <!-- Login Page Test -->
  </suite> <!-- TestNG Regression Suite -->
</testng-results>
