<?xml version="1.0" encoding="UTF-8"?>
<!-- Generated by org.testng.reporters.JUnitReportReporter -->
<testsuite hostname="Suresh" failures="1" tests="9" name="com.qa.opencart.tests.ProductinfoPageTest" time="16.905" errors="0" timestamp="2025-04-15T16:17:14 EDT" skipped="0">
  <testcase classname="com.qa.opencart.tests.ProductinfoPageTest" name="productImagesCountTest" time="1.816"/>
  <testcase classname="com.qa.opencart.tests.ProductinfoPageTest" name="productSearchHeaderTest" time="1.528"/>
  <testcase classname="com.qa.opencart.tests.ProductinfoPageTest" name="productImagesCountTest" time="1.559"/>
  <testcase classname="com.qa.opencart.tests.ProductinfoPageTest" name="productSearchHeaderTest" time="1.401"/>
  <testcase classname="com.qa.opencart.tests.ProductinfoPageTest" name="productSearchHeaderTest" time="1.751"/>
  <testcase classname="com.qa.opencart.tests.ProductinfoPageTest" name="productInfoTest" time="1.486">
    <failure message="The following asserts failed:
	expected [In Stock] but found [Out Of Stock]" type="java.lang.AssertionError">
      <![CDATA[java.lang.AssertionError: The following asserts failed:
expected [In Stock] but found [Out Of Stock]
at org.testng.asserts.SoftAssert.assertAll(SoftAssert.java:46)
at org.testng.asserts.SoftAssert.assertAll(SoftAssert.java:30)
at com.qa.opencart.tests.ProductinfoPageTest.productInfoTest(ProductinfoPageTest.java:90)
at java.base/jdk.internal.reflect.NativeMethodAccessorImpl.invoke0(Native Method)
at java.base/jdk.internal.reflect.NativeMethodAccessorImpl.invoke(NativeMethodAccessorImpl.java:62)
at java.base/jdk.internal.reflect.DelegatingMethodAccessorImpl.invoke(DelegatingMethodAccessorImpl.java:43)
at java.base/java.lang.reflect.Method.invoke(Method.java:566)
at org.testng.internal.invokers.MethodInvocationHelper.invokeMethod(MethodInvocationHelper.java:141)
at org.testng.internal.invokers.TestInvoker.invokeMethod(TestInvoker.java:687)
at org.testng.internal.invokers.TestInvoker.invokeTestMethod(TestInvoker.java:230)
at org.testng.internal.invokers.MethodRunner.runInSequence(MethodRunner.java:63)
at org.testng.internal.invokers.TestInvoker$MethodInvocationAgent.invoke(TestInvoker.java:995)
at org.testng.internal.invokers.TestInvoker.invokeTestMethods(TestInvoker.java:203)
at org.testng.internal.invokers.TestMethodWorker.invokeTestMethods(TestMethodWorker.java:154)
at org.testng.internal.invokers.TestMethodWorker.run(TestMethodWorker.java:134)
at java.base/java.util.ArrayList.forEach(ArrayList.java:1541)
at org.testng.TestRunner.privateRun(TestRunner.java:741)
at org.testng.TestRunner.run(TestRunner.java:616)
at org.testng.SuiteRunner.runTest(SuiteRunner.java:421)
at org.testng.SuiteRunner$SuiteWorker.run(SuiteRunner.java:463)
at org.testng.internal.thread.ThreadUtil.lambda$execute$0(ThreadUtil.java:64)
at java.base/java.util.concurrent.FutureTask.run(FutureTask.java:264)
at java.base/java.util.concurrent.ThreadPoolExecutor.runWorker(ThreadPoolExecutor.java:1128)
at java.base/java.util.concurrent.ThreadPoolExecutor$Worker.run(ThreadPoolExecutor.java:628)
at java.base/java.lang.Thread.run(Thread.java:834)
]]>
    </failure>
  </testcase> <!-- productInfoTest -->
  <testcase classname="com.qa.opencart.tests.ProductinfoPageTest" name="productImagesCountTest" time="3.733"/>
  <testcase classname="com.qa.opencart.tests.ProductinfoPageTest" name="productImagesCountTest" time="1.620"/>
  <testcase classname="com.qa.opencart.tests.ProductinfoPageTest" name="productImagesCountTest" time="2.011"/>
</testsuite> <!-- com.qa.opencart.tests.ProductinfoPageTest -->
